Determining if the Q_WS_WIN exist failed with the following output:
Change Dir: /home/james/se_ws/src/sensor_admin/sensor_admin_NB/CMakeFiles/CMakeTmp

Run Build Command:/usr/bin/make "cmTryCompileExec4199075418/fast"
/usr/bin/make -f CMakeFiles/cmTryCompileExec4199075418.dir/build.make CMakeFiles/cmTryCompileExec4199075418.dir/build
make[1]: Entering directory `/home/james/se_ws/src/sensor_admin/sensor_admin_NB/CMakeFiles/CMakeTmp'
/usr/bin/cmake -E cmake_progress_report /home/james/se_ws/src/sensor_admin/sensor_admin_NB/CMakeFiles/CMakeTmp/CMakeFiles 1
Building CXX object CMakeFiles/cmTryCompileExec4199075418.dir/CheckSymbolExists.cxx.o
/usr/bin/g++    -I/usr/include/qt4    -o CMakeFiles/cmTryCompileExec4199075418.dir/CheckSymbolExists.cxx.o -c /home/james/se_ws/src/sensor_admin/sensor_admin_NB/CMakeFiles/CMakeTmp/CheckSymbolExists.cxx
/home/james/se_ws/src/sensor_admin/sensor_admin_NB/CMakeFiles/CMakeTmp/CheckSymbolExists.cxx: In function ‘int main(int, char**)’:
/home/james/se_ws/src/sensor_admin/sensor_admin_NB/CMakeFiles/CMakeTmp/CheckSymbolExists.cxx:8:19: error: ‘Q_WS_WIN’ was not declared in this scope
   return ((int*)(&Q_WS_WIN))[argc];
                   ^
make[1]: Leaving directory `/home/james/se_ws/src/sensor_admin/sensor_admin_NB/CMakeFiles/CMakeTmp'
make[1]: *** [CMakeFiles/cmTryCompileExec4199075418.dir/CheckSymbolExists.cxx.o] Error 1
make: *** [cmTryCompileExec4199075418/fast] Error 2

File /home/james/se_ws/src/sensor_admin/sensor_admin_NB/CMakeFiles/CMakeTmp/CheckSymbolExists.cxx:
/* */
#include <QtCore/qglobal.h>

int main(int argc, char** argv)
{
  (void)argv;
#ifndef Q_WS_WIN
  return ((int*)(&Q_WS_WIN))[argc];
#else
  (void)argc;
  return 0;
#endif
}

Determining if the Q_WS_QWS exist failed with the following output:
Change Dir: /home/james/se_ws/src/sensor_admin/sensor_admin_NB/CMakeFiles/CMakeTmp

Run Build Command:/usr/bin/make "cmTryCompileExec1309995589/fast"
/usr/bin/make -f CMakeFiles/cmTryCompileExec1309995589.dir/build.make CMakeFiles/cmTryCompileExec1309995589.dir/build
make[1]: Entering directory `/home/james/se_ws/src/sensor_admin/sensor_admin_NB/CMakeFiles/CMakeTmp'
/usr/bin/cmake -E cmake_progress_report /home/james/se_ws/src/sensor_admin/sensor_admin_NB/CMakeFiles/CMakeTmp/CMakeFiles 1
Building CXX object CMakeFiles/cmTryCompileExec1309995589.dir/CheckSymbolExists.cxx.o
/usr/bin/g++    -I/usr/include/qt4    -o CMakeFiles/cmTryCompileExec1309995589.dir/CheckSymbolExists.cxx.o -c /home/james/se_ws/src/sensor_admin/sensor_admin_NB/CMakeFiles/CMakeTmp/CheckSymbolExists.cxx
/home/james/se_ws/src/sensor_admin/sensor_admin_NB/CMakeFiles/CMakeTmp/CheckSymbolExists.cxx: In function ‘int main(int, char**)’:
/home/james/se_ws/src/sensor_admin/sensor_admin_NB/CMakeFiles/CMakeTmp/CheckSymbolExists.cxx:8:19: error: ‘Q_WS_QWS’ was not declared in this scope
   return ((int*)(&Q_WS_QWS))[argc];
                   ^
make[1]: Leaving directory `/home/james/se_ws/src/sensor_admin/sensor_admin_NB/CMakeFiles/CMakeTmp'
make[1]: *** [CMakeFiles/cmTryCompileExec1309995589.dir/CheckSymbolExists.cxx.o] Error 1
make: *** [cmTryCompileExec1309995589/fast] Error 2

File /home/james/se_ws/src/sensor_admin/sensor_admin_NB/CMakeFiles/CMakeTmp/CheckSymbolExists.cxx:
/* */
#include <QtCore/qglobal.h>

int main(int argc, char** argv)
{
  (void)argv;
#ifndef Q_WS_QWS
  return ((int*)(&Q_WS_QWS))[argc];
#else
  (void)argc;
  return 0;
#endif
}

Determining if the Q_WS_MAC exist failed with the following output:
Change Dir: /home/james/se_ws/src/sensor_admin/sensor_admin_NB/CMakeFiles/CMakeTmp

Run Build Command:/usr/bin/make "cmTryCompileExec1968839974/fast"
/usr/bin/make -f CMakeFiles/cmTryCompileExec1968839974.dir/build.make CMakeFiles/cmTryCompileExec1968839974.dir/build
make[1]: Entering directory `/home/james/se_ws/src/sensor_admin/sensor_admin_NB/CMakeFiles/CMakeTmp'
/usr/bin/cmake -E cmake_progress_report /home/james/se_ws/src/sensor_admin/sensor_admin_NB/CMakeFiles/CMakeTmp/CMakeFiles 1
Building CXX object CMakeFiles/cmTryCompileExec1968839974.dir/CheckSymbolExists.cxx.o
/usr/bin/g++    -I/usr/include/qt4    -o CMakeFiles/cmTryCompileExec1968839974.dir/CheckSymbolExists.cxx.o -c /home/james/se_ws/src/sensor_admin/sensor_admin_NB/CMakeFiles/CMakeTmp/CheckSymbolExists.cxx
/home/james/se_ws/src/sensor_admin/sensor_admin_NB/CMakeFiles/CMakeTmp/CheckSymbolExists.cxx: In function ‘int main(int, char**)’:
/home/james/se_ws/src/sensor_admin/sensor_admin_NB/CMakeFiles/CMakeTmp/CheckSymbolExists.cxx:8:19: error: ‘Q_WS_MAC’ was not declared in this scope
   return ((int*)(&Q_WS_MAC))[argc];
                   ^
make[1]: *** [CMakeFiles/cmTryCompileExec1968839974.dir/CheckSymbolExists.cxx.o] Error 1
make[1]: Leaving directory `/home/james/se_ws/src/sensor_admin/sensor_admin_NB/CMakeFiles/CMakeTmp'
make: *** [cmTryCompileExec1968839974/fast] Error 2

File /home/james/se_ws/src/sensor_admin/sensor_admin_NB/CMakeFiles/CMakeTmp/CheckSymbolExists.cxx:
/* */
#include <QtCore/qglobal.h>

int main(int argc, char** argv)
{
  (void)argv;
#ifndef Q_WS_MAC
  return ((int*)(&Q_WS_MAC))[argc];
#else
  (void)argc;
  return 0;
#endif
}

